Determining if the pthread_create exist failed with the following output:
Change Dir: /home/team6/robotic_autonomy_ws/build/CMakeFiles/CMakeTmp

Run Build Command:"/usr/bin/make" "cmTC_97361/fast"
/usr/bin/make -f CMakeFiles/cmTC_97361.dir/build.make CMakeFiles/cmTC_97361.dir/build
make[1]: Entering directory '/home/team6/robotic_autonomy_ws/build/CMakeFiles/CMakeTmp'
Building C object CMakeFiles/cmTC_97361.dir/CheckSymbolExists.c.o
/usr/bin/cc    -o CMakeFiles/cmTC_97361.dir/CheckSymbolExists.c.o   -c /home/team6/robotic_autonomy_ws/build/CMakeFiles/CMakeTmp/CheckSymbolExists.c
Linking C executable cmTC_97361
/usr/bin/cmake -E cmake_link_script CMakeFiles/cmTC_97361.dir/link.txt --verbose=1
/usr/bin/cc      -rdynamic CMakeFiles/cmTC_97361.dir/CheckSymbolExists.c.o  -o cmTC_97361 
CMakeFiles/cmTC_97361.dir/CheckSymbolExists.c.o: In function `main':
CheckSymbolExists.c:(.text+0x1b): undefined reference to `pthread_create'
collect2: error: ld returned 1 exit status
CMakeFiles/cmTC_97361.dir/build.make:97: recipe for target 'cmTC_97361' failed
make[1]: *** [cmTC_97361] Error 1
make[1]: Leaving directory '/home/team6/robotic_autonomy_ws/build/CMakeFiles/CMakeTmp'
Makefile:126: recipe for target 'cmTC_97361/fast' failed
make: *** [cmTC_97361/fast] Error 2

File /home/team6/robotic_autonomy_ws/build/CMakeFiles/CMakeTmp/CheckSymbolExists.c:
/* */
#include <pthread.h>

int main(int argc, char** argv)
{
  (void)argv;
#ifndef pthread_create
  return ((int*)(&pthread_create))[argc];
#else
  (void)argc;
  return 0;
#endif
}

Determining if the function pthread_create exists in the pthreads failed with the following output:
Change Dir: /home/team6/robotic_autonomy_ws/build/CMakeFiles/CMakeTmp

Run Build Command:"/usr/bin/make" "cmTC_afb22/fast"
/usr/bin/make -f CMakeFiles/cmTC_afb22.dir/build.make CMakeFiles/cmTC_afb22.dir/build
make[1]: Entering directory '/home/team6/robotic_autonomy_ws/build/CMakeFiles/CMakeTmp'
Building C object CMakeFiles/cmTC_afb22.dir/CheckFunctionExists.c.o
/usr/bin/cc   -DCHECK_FUNCTION_EXISTS=pthread_create   -o CMakeFiles/cmTC_afb22.dir/CheckFunctionExists.c.o   -c /usr/share/cmake-3.10/Modules/CheckFunctionExists.c
Linking C executable cmTC_afb22
/usr/bin/cmake -E cmake_link_script CMakeFiles/cmTC_afb22.dir/link.txt --verbose=1
/usr/bin/cc  -DCHECK_FUNCTION_EXISTS=pthread_create    -rdynamic CMakeFiles/cmTC_afb22.dir/CheckFunctionExists.c.o  -o cmTC_afb22 -lpthreads 
/usr/bin/ld: cannot find -lpthreads
collect2: error: ld returned 1 exit status
CMakeFiles/cmTC_afb22.dir/build.make:97: recipe for target 'cmTC_afb22' failed
make[1]: *** [cmTC_afb22] Error 1
make[1]: Leaving directory '/home/team6/robotic_autonomy_ws/build/CMakeFiles/CMakeTmp'
Makefile:126: recipe for target 'cmTC_afb22/fast' failed
make: *** [cmTC_afb22/fast] Error 2


